<?xml version="1.0" encoding="UTF-8"?>
<!DOCTYPE mapper
PUBLIC "-//mybatis.org//DTD Mapper 3.0//EN"
"http://mybatis.org/dtd/mybatis-3-mapper.dtd">
<mapper namespace="com.CatchJob.dao.TestDao">
	
	<select id="selectOne" resultType="int">
		SELECT ADMIN_IDX
		  FROM ADMIN_TB
	</select>
	
</mapper>